<?xml version="1.0" encoding="UTF-8"?>
<testsuite xmlns:xsi="http://www.w3.org/2001/XMLSchema-instance" xsi:noNamespaceSchemaLocation="https://maven.apache.org/surefire/maven-surefire-plugin/xsd/surefire-test-report-3.0.xsd" version="3.0" name="com.appsdeveloperblog.aws.lambda.CreateUserHandlerTest" time="1.022" tests="3" errors="0" skipped="0" failures="0">
  <properties>
[...]
</properties>
  <testcase name="testHandleRequest_whenAwsServiceExceptionTakesPlace_returnsErrorMessage" classname="com.appsdeveloperblog.aws.lambda.CreateUserHandlerTest" time="0.88">
    <system-out><![CDATA[Executing @BeforeAll method
Executing @BeforeEach method
Executing @AfterEach method
]]></system-out>
  </testcase>
  <testcase name="testHandleRequest_whenEmptyRequestBodyProvided_returnsErrorMessage" classname="com.appsdeveloperblog.aws.lambda.CreateUserHandlerTest" time="0.007">
    <system-out><![CDATA[Executing @BeforeEach method
Executing @AfterEach method
]]></system-out>
  </testcase>
  <testcase name="testHandleRequest_whenValidDetailsProvided_returnsSuccessfulResponse" classname="com.appsdeveloperblog.aws.lambda.CreateUserHandlerTest" time="0.068">
    <system-out><![CDATA[Executing @BeforeEach method
Executing @AfterEach method
]]></system-out>
  </testcase>
</testsuite>